2024-11-22 12:10:43 LogWrapper init() ./logs/GBP_JPY.log
2024-11-22 12:10:43 {'n_ma': 12, 'n_std': 2.5, 'maxspread': 0.04, 'mingain': 0.14, 'riskreward': 1.5}
2024-11-22 12:10:44 CandleManager() init last_candle:<models.candle_timing.CandleTiming object at 0x11192f410>
2024-11-22 12:11:04 CandleManager() new candle:<models.candle_timing.CandleTiming object at 0x11192f410>
2024-11-22 12:11:04 tech_manager: max_rows:32 candle_time:2024-11-22 17:10:00+00:00 granularity:M1
2024-11-22 12:11:04 process_candles:
       PAIR                      time    mid_c    mid_o  SPREAD      GAIN  SIGNAL
26  GBP_JPY 2024-11-22 17:06:00+00:00  193.790  193.784   0.029  0.092667       0
27  GBP_JPY 2024-11-22 17:07:00+00:00  193.761  193.790   0.036  0.057278       0
28  GBP_JPY 2024-11-22 17:08:00+00:00  193.786  193.762   0.027  0.074306       0
29  GBP_JPY 2024-11-22 17:09:00+00:00  193.769  193.786   0.034  0.049250       0
30  GBP_JPY 2024-11-22 17:10:00+00:00  193.815  193.775   0.028  0.082333       0
2024-11-22 12:12:05 CandleManager() new candle:<models.candle_timing.CandleTiming object at 0x11192f410>
2024-11-22 12:12:06 tech_manager: max_rows:32 candle_time:2024-11-22 17:11:00+00:00 granularity:M1
2024-11-22 12:12:06 process_candles:
       PAIR                      time    mid_c    mid_o  SPREAD      GAIN  SIGNAL
26  GBP_JPY 2024-11-22 17:07:00+00:00  193.761  193.790   0.036  0.057278       0
27  GBP_JPY 2024-11-22 17:08:00+00:00  193.786  193.762   0.027  0.074306       0
28  GBP_JPY 2024-11-22 17:09:00+00:00  193.769  193.786   0.034  0.049250       0
29  GBP_JPY 2024-11-22 17:10:00+00:00  193.815  193.775   0.028  0.082333       0
30  GBP_JPY 2024-11-22 17:11:00+00:00  193.774  193.816   0.033  0.030000       0
