2024-11-22 14:56:46 LogWrapper init() ./logs/GBP_CHF.log
2024-11-22 14:56:46 {'n_ma': 12, 'n_std': 2.5, 'maxspread': 0.0004, 'mingain': 0.0014, 'riskreward': 1.5}
2024-11-22 14:56:46 CandleManager() init last_candle:<models.candle_timing.CandleTiming object at 0x105f9e750>
2024-11-22 14:57:06 CandleManager() new candle:<models.candle_timing.CandleTiming object at 0x105f9e750>
2024-11-22 14:57:06 tech_manager: max_rows:32 candle_time:2024-11-22 19:56:00+00:00 granularity:M1
2024-11-22 14:57:06 process_candles:
       PAIR                      time    mid_c    mid_o        SL        TP   SPREAD      GAIN  SIGNAL
27  GBP_CHF 2024-11-22 19:52:00+00:00  1.12077  1.12092  0.000000  0.000000  0.00024  0.000054       0
28  GBP_CHF 2024-11-22 19:53:00+00:00  1.12086  1.12079  0.000000  0.000000  0.00021  0.000025       0
29  GBP_CHF 2024-11-22 19:54:00+00:00  1.12080  1.12086  0.000000  0.000000  0.00024  0.000040       0
30  GBP_CHF 2024-11-22 19:55:00+00:00  1.12080  1.12077  0.000000  0.000000  0.00023  0.000047       0
31  GBP_CHF 2024-11-22 19:56:00+00:00  1.12064  1.12078  1.120503  1.120846  0.00023  0.000206       1
2024-11-22 14:57:06 Place Trade: TradeDecision(): GBP_CHF dir:1 gain:0.0002 sl:1.1205 tp:1.1208
2024-11-22 14:58:08 CandleManager() new candle:<models.candle_timing.CandleTiming object at 0x105f9e750>
2024-11-22 14:58:08 tech_manager: max_rows:32 candle_time:2024-11-22 19:57:00+00:00 granularity:M1
2024-11-22 14:58:08 process_candles:
       PAIR                      time    mid_c    mid_o        SL        TP   SPREAD      GAIN  SIGNAL
26  GBP_CHF 2024-11-22 19:53:00+00:00  1.12086  1.12079  0.000000  0.000000  0.00021  0.000025       0
27  GBP_CHF 2024-11-22 19:54:00+00:00  1.12080  1.12086  0.000000  0.000000  0.00024  0.000040       0
28  GBP_CHF 2024-11-22 19:55:00+00:00  1.12080  1.12077  0.000000  0.000000  0.00023  0.000047       0
29  GBP_CHF 2024-11-22 19:56:00+00:00  1.12064  1.12078  1.120503  1.120846  0.00023  0.000206       1
30  GBP_CHF 2024-11-22 19:57:00+00:00  1.12069  1.12068  0.000000  0.000000  0.00022  0.000148       0
2024-11-22 14:59:09 CandleManager() new candle:<models.candle_timing.CandleTiming object at 0x105f9e750>
2024-11-22 14:59:09 tech_manager: max_rows:32 candle_time:2024-11-22 19:58:00+00:00 granularity:M1
2024-11-22 14:59:09 process_candles:
       PAIR                      time    mid_c    mid_o        SL        TP   SPREAD      GAIN  SIGNAL
26  GBP_CHF 2024-11-22 19:54:00+00:00  1.12080  1.12086  0.000000  0.000000  0.00024  0.000040       0
27  GBP_CHF 2024-11-22 19:55:00+00:00  1.12080  1.12077  0.000000  0.000000  0.00023  0.000047       0
28  GBP_CHF 2024-11-22 19:56:00+00:00  1.12064  1.12078  1.120503  1.120846  0.00023  0.000206       1
29  GBP_CHF 2024-11-22 19:57:00+00:00  1.12069  1.12068  0.000000  0.000000  0.00022  0.000148       0
30  GBP_CHF 2024-11-22 19:58:00+00:00  1.12066  1.12066  0.000000  0.000000  0.00022  0.000166       0
2024-11-22 15:00:00 CandleManager() new candle:<models.candle_timing.CandleTiming object at 0x105f9e750>
2024-11-22 15:00:00 tech_manager: max_rows:32 candle_time:2024-11-22 19:59:00+00:00 granularity:M1
2024-11-22 15:00:01 process_candles:
       PAIR                      time    mid_c    mid_o        SL        TP   SPREAD      GAIN  SIGNAL
26  GBP_CHF 2024-11-22 19:55:00+00:00  1.12080  1.12077  0.000000  0.000000  0.00023  0.000047       0
27  GBP_CHF 2024-11-22 19:56:00+00:00  1.12064  1.12078  1.120503  1.120846  0.00023  0.000206       1
28  GBP_CHF 2024-11-22 19:57:00+00:00  1.12069  1.12068  0.000000  0.000000  0.00022  0.000148       0
29  GBP_CHF 2024-11-22 19:58:00+00:00  1.12066  1.12066  0.000000  0.000000  0.00022  0.000166       0
30  GBP_CHF 2024-11-22 19:59:00+00:00  1.12036  1.12066  1.120071  1.120793  0.00027  0.000433       1
2024-11-22 15:00:01 Place Trade: TradeDecision(): GBP_CHF dir:1 gain:0.0004 sl:1.1201 tp:1.1208
2024-11-22 15:01:02 CandleManager() new candle:<models.candle_timing.CandleTiming object at 0x105f9e750>
2024-11-22 15:01:02 tech_manager: max_rows:32 candle_time:2024-11-22 20:00:00+00:00 granularity:M1
2024-11-22 15:01:02 process_candles:
       PAIR                      time    mid_c    mid_o        SL        TP   SPREAD      GAIN  SIGNAL
26  GBP_CHF 2024-11-22 19:56:00+00:00  1.12064  1.12078  1.120503  1.120846  0.00023  0.000206       1
27  GBP_CHF 2024-11-22 19:57:00+00:00  1.12069  1.12068  0.000000  0.000000  0.00022  0.000148       0
28  GBP_CHF 2024-11-22 19:58:00+00:00  1.12066  1.12066  0.000000  0.000000  0.00022  0.000166       0
29  GBP_CHF 2024-11-22 19:59:00+00:00  1.12036  1.12066  1.120071  1.120793  0.00027  0.000433       1
30  GBP_CHF 2024-11-22 20:00:00+00:00  1.12045  1.12038  0.000000  0.000000  0.00030  0.000301       0
2024-11-22 15:02:03 CandleManager() new candle:<models.candle_timing.CandleTiming object at 0x105f9e750>
2024-11-22 15:02:04 tech_manager: max_rows:32 candle_time:2024-11-22 20:01:00+00:00 granularity:M1
2024-11-22 15:02:04 process_candles:
       PAIR                      time    mid_c    mid_o        SL        TP   SPREAD      GAIN  SIGNAL
26  GBP_CHF 2024-11-22 19:57:00+00:00  1.12069  1.12068  0.000000  0.000000  0.00022  0.000148       0
27  GBP_CHF 2024-11-22 19:58:00+00:00  1.12066  1.12066  0.000000  0.000000  0.00022  0.000166       0
28  GBP_CHF 2024-11-22 19:59:00+00:00  1.12036  1.12066  1.120071  1.120793  0.00027  0.000433       1
29  GBP_CHF 2024-11-22 20:00:00+00:00  1.12045  1.12038  0.000000  0.000000  0.00030  0.000301       0
30  GBP_CHF 2024-11-22 20:01:00+00:00  1.12056  1.12047  0.000000  0.000000  0.00028  0.000157       0
2024-11-22 15:03:05 CandleManager() new candle:<models.candle_timing.CandleTiming object at 0x105f9e750>
2024-11-22 15:03:05 tech_manager: max_rows:32 candle_time:2024-11-22 20:02:00+00:00 granularity:M1
2024-11-22 15:03:05 process_candles:
       PAIR                      time    mid_c    mid_o        SL        TP   SPREAD      GAIN  SIGNAL
26  GBP_CHF 2024-11-22 19:58:00+00:00  1.12066  1.12066  0.000000  0.000000  0.00022  0.000166       0
27  GBP_CHF 2024-11-22 19:59:00+00:00  1.12036  1.12066  1.120071  1.120793  0.00027  0.000433       1
28  GBP_CHF 2024-11-22 20:00:00+00:00  1.12045  1.12038  0.000000  0.000000  0.00030  0.000301       0
29  GBP_CHF 2024-11-22 20:01:00+00:00  1.12056  1.12047  0.000000  0.000000  0.00028  0.000157       0
30  GBP_CHF 2024-11-22 20:02:00+00:00  1.12056  1.12056  0.000000  0.000000  0.00028  0.000124       0
2024-11-22 15:04:06 CandleManager() new candle:<models.candle_timing.CandleTiming object at 0x105f9e750>
2024-11-22 15:04:06 tech_manager: max_rows:32 candle_time:2024-11-22 20:03:00+00:00 granularity:M1
2024-11-22 15:04:06 process_candles:
       PAIR                      time    mid_c    mid_o        SL        TP   SPREAD      GAIN  SIGNAL
26  GBP_CHF 2024-11-22 19:59:00+00:00  1.12036  1.12066  1.120071  1.120793  0.00027  0.000433       1
27  GBP_CHF 2024-11-22 20:00:00+00:00  1.12045  1.12038  0.000000  0.000000  0.00030  0.000301       0
28  GBP_CHF 2024-11-22 20:01:00+00:00  1.12056  1.12047  0.000000  0.000000  0.00028  0.000157       0
29  GBP_CHF 2024-11-22 20:02:00+00:00  1.12056  1.12056  0.000000  0.000000  0.00028  0.000124       0
30  GBP_CHF 2024-11-22 20:03:00+00:00  1.12047  1.12056  0.000000  0.000000  0.00028  0.000179       0
2024-11-22 15:05:07 CandleManager() new candle:<models.candle_timing.CandleTiming object at 0x105f9e750>
2024-11-22 15:05:08 tech_manager: max_rows:32 candle_time:2024-11-22 20:04:00+00:00 granularity:M1
2024-11-22 15:05:08 process_candles:
       PAIR                      time    mid_c    mid_o   SL   TP   SPREAD      GAIN  SIGNAL
26  GBP_CHF 2024-11-22 20:00:00+00:00  1.12045  1.12038  0.0  0.0  0.00030  0.000301       0
27  GBP_CHF 2024-11-22 20:01:00+00:00  1.12056  1.12047  0.0  0.0  0.00028  0.000157       0
28  GBP_CHF 2024-11-22 20:02:00+00:00  1.12056  1.12056  0.0  0.0  0.00028  0.000124       0
29  GBP_CHF 2024-11-22 20:03:00+00:00  1.12047  1.12056  0.0  0.0  0.00028  0.000179       0
30  GBP_CHF 2024-11-22 20:04:00+00:00  1.12044  1.12048  0.0  0.0  0.00028  0.000177       0
2024-11-22 15:06:09 CandleManager() new candle:<models.candle_timing.CandleTiming object at 0x105f9e750>
2024-11-22 15:06:09 tech_manager: max_rows:32 candle_time:2024-11-22 20:05:00+00:00 granularity:M1
2024-11-22 15:06:09 process_candles:
       PAIR                      time    mid_c    mid_o   SL   TP   SPREAD      GAIN  SIGNAL
26  GBP_CHF 2024-11-22 20:01:00+00:00  1.12056  1.12047  0.0  0.0  0.00028  0.000157       0
27  GBP_CHF 2024-11-22 20:02:00+00:00  1.12056  1.12056  0.0  0.0  0.00028  0.000124       0
28  GBP_CHF 2024-11-22 20:03:00+00:00  1.12047  1.12056  0.0  0.0  0.00028  0.000179       0
29  GBP_CHF 2024-11-22 20:04:00+00:00  1.12044  1.12048  0.0  0.0  0.00028  0.000177       0
30  GBP_CHF 2024-11-22 20:05:00+00:00  1.12044  1.12042  0.0  0.0  0.00026  0.000144       0
2024-11-22 15:07:00 CandleManager() new candle:<models.candle_timing.CandleTiming object at 0x105f9e750>
2024-11-22 15:07:00 tech_manager: max_rows:32 candle_time:2024-11-22 20:06:00+00:00 granularity:M1
2024-11-22 15:07:00 process_candles:
       PAIR                      time    mid_c    mid_o   SL   TP   SPREAD      GAIN  SIGNAL
27  GBP_CHF 2024-11-22 20:02:00+00:00  1.12056  1.12056  0.0  0.0  0.00028  0.000124       0
28  GBP_CHF 2024-11-22 20:03:00+00:00  1.12047  1.12056  0.0  0.0  0.00028  0.000179       0
29  GBP_CHF 2024-11-22 20:04:00+00:00  1.12044  1.12048  0.0  0.0  0.00028  0.000177       0
30  GBP_CHF 2024-11-22 20:05:00+00:00  1.12044  1.12042  0.0  0.0  0.00026  0.000144       0
31  GBP_CHF 2024-11-22 20:06:00+00:00  1.12050  1.12045  0.0  0.0  0.00027  0.000054       0
2024-11-22 15:08:12 CandleManager() new candle:<models.candle_timing.CandleTiming object at 0x105f9e750>
2024-11-22 15:08:12 tech_manager: max_rows:32 candle_time:2024-11-22 20:07:00+00:00 granularity:M1
2024-11-22 15:08:12 process_candles:
       PAIR                      time    mid_c    mid_o   SL   TP   SPREAD      GAIN  SIGNAL
26  GBP_CHF 2024-11-22 20:03:00+00:00  1.12047  1.12056  0.0  0.0  0.00028  0.000179       0
27  GBP_CHF 2024-11-22 20:04:00+00:00  1.12044  1.12048  0.0  0.0  0.00028  0.000177       0
28  GBP_CHF 2024-11-22 20:05:00+00:00  1.12044  1.12042  0.0  0.0  0.00026  0.000144       0
29  GBP_CHF 2024-11-22 20:06:00+00:00  1.12050  1.12045  0.0  0.0  0.00027  0.000054       0
30  GBP_CHF 2024-11-22 20:07:00+00:00  1.12054  1.12050  0.0  0.0  0.00029  0.000009       0
2024-11-22 15:09:03 CandleManager() new candle:<models.candle_timing.CandleTiming object at 0x105f9e750>
2024-11-22 15:09:03 tech_manager: max_rows:32 candle_time:2024-11-22 20:08:00+00:00 granularity:M1
2024-11-22 15:09:03 process_candles:
       PAIR                      time    mid_c    mid_o   SL   TP   SPREAD      GAIN  SIGNAL
26  GBP_CHF 2024-11-22 20:04:00+00:00  1.12044  1.12048  0.0  0.0  0.00028  0.000177       0
27  GBP_CHF 2024-11-22 20:05:00+00:00  1.12044  1.12042  0.0  0.0  0.00026  0.000144       0
28  GBP_CHF 2024-11-22 20:06:00+00:00  1.12050  1.12045  0.0  0.0  0.00027  0.000054       0
29  GBP_CHF 2024-11-22 20:07:00+00:00  1.12054  1.12050  0.0  0.0  0.00029  0.000009       0
30  GBP_CHF 2024-11-22 20:08:00+00:00  1.12048  1.12054  0.0  0.0  0.00027  0.000036       0
2024-11-22 15:10:05 CandleManager() new candle:<models.candle_timing.CandleTiming object at 0x105f9e750>
2024-11-22 15:10:05 tech_manager: max_rows:32 candle_time:2024-11-22 20:09:00+00:00 granularity:M1
2024-11-22 15:10:05 process_candles:
       PAIR                      time    mid_c    mid_o   SL   TP   SPREAD      GAIN  SIGNAL
26  GBP_CHF 2024-11-22 20:05:00+00:00  1.12044  1.12042  0.0  0.0  0.00026  0.000144       0
27  GBP_CHF 2024-11-22 20:06:00+00:00  1.12050  1.12045  0.0  0.0  0.00027  0.000054       0
28  GBP_CHF 2024-11-22 20:07:00+00:00  1.12054  1.12050  0.0  0.0  0.00029  0.000009       0
29  GBP_CHF 2024-11-22 20:08:00+00:00  1.12048  1.12054  0.0  0.0  0.00027  0.000036       0
30  GBP_CHF 2024-11-22 20:09:00+00:00  1.12043  1.12046  0.0  0.0  0.00028  0.000064       0
2024-11-22 15:11:06 CandleManager() new candle:<models.candle_timing.CandleTiming object at 0x105f9e750>
2024-11-22 15:11:06 tech_manager: max_rows:32 candle_time:2024-11-22 20:10:00+00:00 granularity:M1
2024-11-22 15:11:06 process_candles:
       PAIR                      time    mid_c    mid_o   SL   TP   SPREAD      GAIN  SIGNAL
26  GBP_CHF 2024-11-22 20:06:00+00:00  1.12050  1.12045  0.0  0.0  0.00027  0.000054       0
27  GBP_CHF 2024-11-22 20:07:00+00:00  1.12054  1.12050  0.0  0.0  0.00029  0.000009       0
28  GBP_CHF 2024-11-22 20:08:00+00:00  1.12048  1.12054  0.0  0.0  0.00027  0.000036       0
29  GBP_CHF 2024-11-22 20:09:00+00:00  1.12043  1.12046  0.0  0.0  0.00028  0.000064       0
30  GBP_CHF 2024-11-22 20:10:00+00:00  1.12051  1.12042  0.0  0.0  0.00028  0.000029       0
2024-11-22 15:12:07 CandleManager() new candle:<models.candle_timing.CandleTiming object at 0x105f9e750>
2024-11-22 15:12:08 tech_manager: max_rows:32 candle_time:2024-11-22 20:11:00+00:00 granularity:M1
2024-11-22 15:12:08 process_candles:
       PAIR                      time    mid_c    mid_o   SL   TP   SPREAD      GAIN  SIGNAL
26  GBP_CHF 2024-11-22 20:07:00+00:00  1.12054  1.12050  0.0  0.0  0.00029  0.000009       0
27  GBP_CHF 2024-11-22 20:08:00+00:00  1.12048  1.12054  0.0  0.0  0.00027  0.000036       0
28  GBP_CHF 2024-11-22 20:09:00+00:00  1.12043  1.12046  0.0  0.0  0.00028  0.000064       0
29  GBP_CHF 2024-11-22 20:10:00+00:00  1.12051  1.12042  0.0  0.0  0.00028  0.000029       0
30  GBP_CHF 2024-11-22 20:11:00+00:00  1.12042  1.12052  0.0  0.0  0.00028  0.000060       0
